[debug] [2018-07-19T22:35:50.069Z] ----------------------------------------------------------------------
[debug] [2018-07-19T22:35:50.069Z] Command:       C:\Program Files\nodejs\node.exe C:\Users\Familia Cardoso\AppData\Roaming\npm\node_modules\firebase-tools\bin\firebase serve
[debug] [2018-07-19T22:35:50.069Z] CLI Version:   3.19.3
[debug] [2018-07-19T22:35:50.069Z] Platform:      win32
[debug] [2018-07-19T22:35:50.069Z] Node Version:  v8.11.3
[debug] [2018-07-19T22:35:50.069Z] Time:          Thu Jul 19 2018 19:35:50 GMT-0300 (Hora oficial do Brasil)
[debug] [2018-07-19T22:35:50.069Z] ----------------------------------------------------------------------
[debug] 
[debug] [2018-07-19T22:35:50.085Z] > command requires scopes: ["email","openid","https://www.googleapis.com/auth/cloudplatformprojects.readonly","https://www.googleapis.com/auth/firebase","https://www.googleapis.com/auth/cloud-platform"]
[debug] [2018-07-19T22:35:50.085Z] > authorizing via signed-in user
[debug] [2018-07-19T22:35:50.085Z] > refreshing access token with scopes: ["email","https://www.googleapis.com/auth/cloud-platform","https://www.googleapis.com/auth/cloudplatformprojects.readonly","https://www.googleapis.com/auth/firebase","openid"]
[debug] [2018-07-19T22:35:50.085Z] >>> HTTP REQUEST POST https://www.googleapis.com/oauth2/v3/token  
 { refresh_token: '1/L17AUXGkQ0xc2LQYdYAYYYSVKlhlHCAJoNdC-UCpt5w',
  client_id: '563584335869-fgrhgmd47bqnekij5i8b5pr03ho849e6.apps.googleusercontent.com',
  client_secret: 'j9iVZfS8kkCEFUPaAeJV0sAi',
  grant_type: 'refresh_token',
  scope: 'email https://www.googleapis.com/auth/cloud-platform https://www.googleapis.com/auth/cloudplatformprojects.readonly https://www.googleapis.com/auth/firebase openid' } 
 Thu Jul 19 2018 19:35:50 GMT-0300 (Hora oficial do Brasil)
[debug] [2018-07-19T22:35:50.471Z] <<< HTTP RESPONSE 200
[debug] [2018-07-19T22:35:50.487Z] >>> HTTP REQUEST GET https://admin.firebase.com/v1/projects/todo-b85ab  
  
 Thu Jul 19 2018 19:35:50 GMT-0300 (Hora oficial do Brasil)
[debug] [2018-07-19T22:35:51.392Z] <<< HTTP RESPONSE 200
[debug] [2018-07-19T22:35:51.394Z] >>> HTTP REQUEST GET https://admin.firebase.com/v1/database/todo-b85ab/tokens  
  
 Thu Jul 19 2018 19:35:51 GMT-0300 (Hora oficial do Brasil)
[debug] [2018-07-19T22:35:52.097Z] <<< HTTP RESPONSE 200
[debug] [2018-07-19T22:35:52.097Z] >>> HTTP REQUEST GET https://cloudresourcemanager.googleapis.com/v1/projects/todo-b85ab  
  
 Thu Jul 19 2018 19:35:52 GMT-0300 (Hora oficial do Brasil)
[debug] [2018-07-19T22:35:53.280Z] <<< HTTP RESPONSE 200
[info] 
[info] === Serving from 'E:\Projetos\todolist-es6'...
[info] 
[debug] [2018-07-19T22:35:53.289Z] >>> HTTP REQUEST GET https://mobilesdk-pa.googleapis.com/v1/projects/93479253967/clients/_:getWebAppConfig  
  
 Thu Jul 19 2018 19:35:53 GMT-0300 (Hora oficial do Brasil)
[debug] [2018-07-19T22:35:54.117Z] <<< HTTP RESPONSE 200
[info] i  hosting: Serving hosting files from: ./
[info] +  hosting: Local server: http://localhost:5000

[debug] [2018-07-20T18:48:44.895Z] ----------------------------------------------------------------------
[debug] [2018-07-20T18:48:44.895Z] Command:       C:\Program Files\nodejs\node.exe C:\Users\Familia Cardoso\AppData\Roaming\npm\node_modules\firebase-tools\bin\firebase serve
[debug] [2018-07-20T18:48:44.895Z] CLI Version:   3.19.3
[debug] [2018-07-20T18:48:44.895Z] Platform:      win32
[debug] [2018-07-20T18:48:44.895Z] Node Version:  v8.11.3
[debug] [2018-07-20T18:48:44.895Z] Time:          Fri Jul 20 2018 15:48:44 GMT-0300 (Hora oficial do Brasil)
[debug] [2018-07-20T18:48:44.895Z] ----------------------------------------------------------------------
[debug] 
[debug] [2018-07-20T18:48:44.911Z] > command requires scopes: ["email","openid","https://www.googleapis.com/auth/cloudplatformprojects.readonly","https://www.googleapis.com/auth/firebase","https://www.googleapis.com/auth/cloud-platform"]
[debug] [2018-07-20T18:48:44.911Z] > authorizing via signed-in user
[debug] [2018-07-20T18:48:44.911Z] > refreshing access token with scopes: ["email","https://www.googleapis.com/auth/cloud-platform","https://www.googleapis.com/auth/cloudplatformprojects.readonly","https://www.googleapis.com/auth/firebase","openid"]
[debug] [2018-07-20T18:48:44.911Z] >>> HTTP REQUEST POST https://www.googleapis.com/oauth2/v3/token  
 { refresh_token: '1/L17AUXGkQ0xc2LQYdYAYYYSVKlhlHCAJoNdC-UCpt5w',
  client_id: '563584335869-fgrhgmd47bqnekij5i8b5pr03ho849e6.apps.googleusercontent.com',
  client_secret: 'j9iVZfS8kkCEFUPaAeJV0sAi',
  grant_type: 'refresh_token',
  scope: 'email https://www.googleapis.com/auth/cloud-platform https://www.googleapis.com/auth/cloudplatformprojects.readonly https://www.googleapis.com/auth/firebase openid' } 
 Fri Jul 20 2018 15:48:44 GMT-0300 (Hora oficial do Brasil)
[debug] [2018-07-20T18:48:45.349Z] <<< HTTP RESPONSE 200
[debug] [2018-07-20T18:48:45.349Z] >>> HTTP REQUEST GET https://admin.firebase.com/v1/projects/todo-b85ab  
  
 Fri Jul 20 2018 15:48:45 GMT-0300 (Hora oficial do Brasil)
[debug] [2018-07-20T18:48:46.552Z] <<< HTTP RESPONSE 200
[debug] [2018-07-20T18:48:46.567Z] >>> HTTP REQUEST GET https://admin.firebase.com/v1/database/todo-b85ab/tokens  
  
 Fri Jul 20 2018 15:48:46 GMT-0300 (Hora oficial do Brasil)
[debug] [2018-07-20T18:48:47.286Z] <<< HTTP RESPONSE 200
[debug] [2018-07-20T18:48:47.286Z] >>> HTTP REQUEST GET https://cloudresourcemanager.googleapis.com/v1/projects/todo-b85ab  
  
 Fri Jul 20 2018 15:48:47 GMT-0300 (Hora oficial do Brasil)
[debug] [2018-07-20T18:48:48.458Z] <<< HTTP RESPONSE 200
[info] 
[info] === Serving from 'E:\Projetos\todolist-es6'...
[info] 
[debug] [2018-07-20T18:48:48.458Z] >>> HTTP REQUEST GET https://mobilesdk-pa.googleapis.com/v1/projects/93479253967/clients/_:getWebAppConfig  
  
 Fri Jul 20 2018 15:48:48 GMT-0300 (Hora oficial do Brasil)
[debug] [2018-07-20T18:48:49.177Z] <<< HTTP RESPONSE 200
[info] i  hosting: Serving hosting files from: ./
[info] +  hosting: Local server: http://localhost:5000

